Build started 15.01.2017 16:48:10.
     1>Project "C:\Users\Kjetil\Documents\Visual Studio 2013\Projects\VectorPlay2\SpriteEditor2\SpriteEditor.vcxproj" on node 2 (Build target(s)).
     1>C:\Program Files (x86)\MSBuild\Microsoft.Cpp\v4.0\V120\Microsoft.CppBuild.targets(381,5): warning MSB8028: The intermediate directory (Debug\) contains files shared from another project (SpriteEditor.vcxproj, SpriteEditor2.vcxproj, VectorPlay.vcxproj).  This can lead to incorrect clean and rebuild behavior.
     1>ClCompile:
         C:\Program Files (x86)\Microsoft Visual Studio 12.0\VC\bin\CL.exe /c /I"C:\Users\Kjetil\Documents\Visual Studio 2013\Projects\VectorPlay2\packages\Allegro.5.2.1.1\build\native\include\\" /I"C:\Users\Kjetil\Documents\Visual Studio 2013\Projects\VectorPlay2\packages\AllegroDeps.1.4.0.0\build\native\\include\\" /ZI /nologo /W3 /WX- /sdl /Od /Oy- /D WIN32 /D _DEBUG /D _CONSOLE /D _LIB /D _CRT_NONSTDC_NO_DEPRECATE /D _CRT_SECURE_NO_WARNINGS /D _UNICODE /D UNICODE /Gm /EHsc /RTC1 /MDd /GS /fp:precise /Zc:wchar_t /Zc:forScope /Fo"Debug\\" /Fd"Debug\vc120.pdb" /Gd /TP /analyze- /errorReport:prompt VectorPlay.cpp animation.cpp
         animation.cpp
     1>c:\users\kjetil\documents\visual studio 2013\projects\vectorplay2\spriteeditor2\animation.cpp(80): warning C4101: 'y' : unreferenced local variable
     1>c:\users\kjetil\documents\visual studio 2013\projects\vectorplay2\spriteeditor2\animation.cpp(80): warning C4101: 'x' : unreferenced local variable
         Generating Code...
         Compiling...
         VectorPlay.cpp
     1>c:\users\kjetil\documents\visual studio 2013\projects\vectorplay2\spriteeditor2\vectorplay.cpp(701): warning C4101: 'frame' : unreferenced local variable
         Generating Code...
       Link:
         C:\Program Files (x86)\Microsoft Visual Studio 12.0\VC\bin\link.exe /ERRORREPORT:PROMPT /OUT:"C:\Users\Kjetil\Documents\Visual Studio 2013\Projects\VectorPlay2\Debug\VectorPlay2.exe" /INCREMENTAL /NOLOGO "C:\Users\Kjetil\Documents\Visual Studio 2013\Projects\VectorPlay2\packages\Allegro.5.2.1.1\build\native\v120\Win32\lib\allegro.lib" "C:\Users\Kjetil\Documents\Visual Studio 2013\Projects\VectorPlay2\packages\Allegro.5.2.1.1\build\native\v120\Win32\lib\allegro_main.lib" "C:\Users\Kjetil\Documents\Visual Studio 2013\Projects\VectorPlay2\packages\Allegro.5.2.1.1\build\native\v120\Win32\lib\allegro_image.lib" "C:\Users\Kjetil\Documents\Visual Studio 2013\Projects\VectorPlay2\packages\Allegro.5.2.1.1\build\native\v120\Win32\lib\allegro_color.lib" "C:\Users\Kjetil\Documents\Visual Studio 2013\Projects\VectorPlay2\packages\Allegro.5.2.1.1\build\native\v120\Win32\lib\allegro_font.lib" "C:\Users\Kjetil\Documents\Visual Studio 2013\Projects\VectorPlay2\packages\Allegro.5.2.1.1\build\native\v120\Win32\lib\allegro_ttf.lib" "C:\Users\Kjetil\Documents\Visual Studio 2013\Projects\VectorPlay2\packages\Allegro.5.2.1.1\build\native\v120\Win32\lib\allegro_primitives.lib" kernel32.lib user32.lib gdi32.lib winspool.lib comdlg32.lib advapi32.lib shell32.lib ole32.lib oleaut32.lib uuid.lib odbc32.lib odbccp32.lib /MANIFEST /MANIFESTUAC:"level='asInvoker' uiAccess='false'" /manifest:embed /DEBUG /PDB:"C:\Users\Kjetil\Documents\Visual Studio 2013\Projects\VectorPlay2\Debug\VectorPlay2.pdb" /SUBSYSTEM:WINDOWS /TLBID:1 /DYNAMICBASE /NXCOMPAT /IMPLIB:"C:\Users\Kjetil\Documents\Visual Studio 2013\Projects\VectorPlay2\Debug\VectorPlay2.lib" /MACHINE:X86 Debug\animation.obj
         Debug\buttons.obj
         Debug\debug.obj
         Debug\intersect.obj
         Debug\SelectFileWindows.obj
         Debug\SimpleXML.obj
         Debug\VectorPlay.obj
         Debug\vector.obj
         SpriteEditor.vcxproj -> C:\Users\Kjetil\Documents\Visual Studio 2013\Projects\VectorPlay2\Debug\VectorPlay2.exe
     1>Done Building Project "C:\Users\Kjetil\Documents\Visual Studio 2013\Projects\VectorPlay2\SpriteEditor2\SpriteEditor.vcxproj" (Build target(s)).

Build succeeded.

Time Elapsed 00:00:00.76
