c:\users\kjetil\documents\visual studio 2013\projects\vectorplay2\spriteeditor2\debug\vc120.pdb
c:\users\kjetil\documents\visual studio 2013\projects\vectorplay2\spriteeditor2\debug\vc120.idb
c:\users\kjetil\documents\visual studio 2013\projects\vectorplay2\spriteeditor2\debug\animation.obj
c:\users\kjetil\documents\visual studio 2013\projects\vectorplay2\spriteeditor2\debug\buttons.obj
c:\users\kjetil\documents\visual studio 2013\projects\vectorplay2\spriteeditor2\debug\debug.obj
c:\users\kjetil\documents\visual studio 2013\projects\vectorplay2\spriteeditor2\debug\intersect.obj
c:\users\kjetil\documents\visual studio 2013\projects\vectorplay2\spriteeditor2\debug\selectfilewindows.obj
c:\users\kjetil\documents\visual studio 2013\projects\vectorplay2\spriteeditor2\debug\vectorplay.obj
c:\users\kjetil\documents\visual studio 2013\projects\vectorplay2\spriteeditor2\debug\vector.obj
c:\users\kjetil\documents\visual studio 2013\projects\vectorplay2\debug\vectorplay2.pdb
c:\users\kjetil\documents\visual studio 2013\projects\vectorplay2\spriteeditor2\debug\vectorplay2.tlog\cl.command.1.tlog
c:\users\kjetil\documents\visual studio 2013\projects\vectorplay2\spriteeditor2\debug\vectorplay2.tlog\cl.read.1.tlog
c:\users\kjetil\documents\visual studio 2013\projects\vectorplay2\spriteeditor2\debug\vectorplay2.tlog\cl.write.1.tlog
c:\users\kjetil\documents\visual studio 2013\projects\vectorplay2\spriteeditor2\debug\vectorplay2.tlog\link.6632-cvtres.read.1.tlog
c:\users\kjetil\documents\visual studio 2013\projects\vectorplay2\spriteeditor2\debug\vectorplay2.tlog\link.6632-cvtres.write.1.tlog
c:\users\kjetil\documents\visual studio 2013\projects\vectorplay2\spriteeditor2\debug\vectorplay2.tlog\link.6632-rc.read.1.tlog
c:\users\kjetil\documents\visual studio 2013\projects\vectorplay2\spriteeditor2\debug\vectorplay2.tlog\link.6632-rc.write.1.tlog
c:\users\kjetil\documents\visual studio 2013\projects\vectorplay2\spriteeditor2\debug\vectorplay2.tlog\link.6632.read.1.tlog
c:\users\kjetil\documents\visual studio 2013\projects\vectorplay2\spriteeditor2\debug\vectorplay2.tlog\link.6632.write.1.tlog
c:\users\kjetil\documents\visual studio 2013\projects\vectorplay2\spriteeditor2\debug\vectorplay2.tlog\link.command.1.tlog
c:\users\kjetil\documents\visual studio 2013\projects\vectorplay2\spriteeditor2\debug\vectorplay2.tlog\link.read.1.tlog
c:\users\kjetil\documents\visual studio 2013\projects\vectorplay2\spriteeditor2\debug\vectorplay2.tlog\link.write.1.tlog
