c:\users\kjetil\documents\visual studio 2013\projects\vectorplay2\spriteeditor2\debug\vc120.pdb
c:\users\kjetil\documents\visual studio 2013\projects\vectorplay2\spriteeditor2\debug\vc120.idb
c:\users\kjetil\documents\visual studio 2013\projects\vectorplay2\spriteeditor2\debug\animation.obj
c:\users\kjetil\documents\visual studio 2013\projects\vectorplay2\spriteeditor2\debug\buttons.obj
c:\users\kjetil\documents\visual studio 2013\projects\vectorplay2\spriteeditor2\debug\debug.obj
c:\users\kjetil\documents\visual studio 2013\projects\vectorplay2\spriteeditor2\debug\intersect.obj
c:\users\kjetil\documents\visual studio 2013\projects\vectorplay2\spriteeditor2\debug\selectfilewindows.obj
c:\users\kjetil\documents\visual studio 2013\projects\vectorplay2\spriteeditor2\debug\vectorplay.obj
c:\users\kjetil\documents\visual studio 2013\projects\vectorplay2\spriteeditor2\debug\vector.obj
c:\users\kjetil\documents\visual studio 2013\projects\vectorplay2\spriteeditor2\debug\simplexml.obj
d:\amiga\git\vectorplay\vectorplay\vectorplay\debug\vc120.pdb
d:\amiga\git\vectorplay\vectorplay\vectorplay\debug\vc120.idb
d:\amiga\git\vectorplay\vectorplay\vectorplay\debug\animation.obj
d:\amiga\git\vectorplay\vectorplay\vectorplay\debug\buttons.obj
d:\amiga\git\vectorplay\vectorplay\vectorplay\debug\debug.obj
d:\amiga\git\vectorplay\vectorplay\vectorplay\debug\intersect.obj
d:\amiga\git\vectorplay\vectorplay\vectorplay\debug\selectfilewindows.obj
d:\amiga\git\vectorplay\vectorplay\vectorplay\debug\simplexml.obj
d:\amiga\git\vectorplay\vectorplay\vectorplay\debug\vectorplay.obj
d:\amiga\git\vectorplay\vectorplay\vectorplay\debug\vector.obj
c:\users\kjetil\documents\visual studio 2013\projects\vectorplay2\debug\vectorplay2.ilk
c:\users\kjetil\documents\visual studio 2013\projects\vectorplay2\debug\vectorplay2.exe
c:\users\kjetil\documents\visual studio 2013\projects\vectorplay2\debug\vectorplay2.pdb
d:\amiga\git\vectorplay\vectorplay\vectorplay\debug\allegro5.obj
d:\amiga\git\vectorplay\vectorplay\vectorplay\debug\allegro5_sound.obj
d:\amiga\git\vectorplay\vectorplay\vectorplay\debug\selectfileamigaos.obj
d:\amiga\git\vectorplay\vectorplay\vectorplay\debug\stdafx.obj
d:\amiga\git\vectorplay\vectorplay\debug\vectorplay2.pdb
d:\amiga\git\vectorplay\vectorplay\vectorplay\debug\vectorplay2.tlog\cl.command.1.tlog
d:\amiga\git\vectorplay\vectorplay\vectorplay\debug\vectorplay2.tlog\cl.read.1.tlog
d:\amiga\git\vectorplay\vectorplay\vectorplay\debug\vectorplay2.tlog\cl.write.1.tlog
d:\amiga\git\vectorplay\vectorplay\vectorplay\debug\vectorplay2.tlog\link.command.1.tlog
d:\amiga\git\vectorplay\vectorplay\vectorplay\debug\vectorplay2.tlog\link.read.1.tlog
d:\amiga\git\vectorplay\vectorplay\vectorplay\debug\vectorplay2.tlog\link.write.1.tlog
